<?xml version="1.0" encoding="UTF-8"?>
<!-- Generated by org.testng.reporters.JUnitReportReporter -->
<testsuite hostname="DESKTOP-77OND9C" failures="0" tests="4" name="extentreport.EReport" time="26.015" errors="0" timestamp="2022-07-21T18:07:16 IST" skipped="0">
  <testcase classname="extentreport.EReport" name="OdiatoEng" time="5.650"/>
  <system-out/>
  <testcase classname="extentreport.EReport" name="HinditoOdia" time="5.971"/>
  <system-out/>
  <testcase classname="extentreport.EReport" name="EngtoOdia" time="8.598"/>
  <system-out/>
  <testcase classname="extentreport.EReport" name="OdiatoHindi" time="5.796"/>
  <system-out/>
</testsuite> <!-- extentreport.EReport -->
