<?xml version="1.0" encoding="UTF-8"?>
<!-- Generated by org.testng.reporters.JUnitReportReporter -->
<testsuite hostname="DESKTOP-77OND9C" failures="0" tests="1" name="log4J.LOG4JPRACTICE" time="8.391" errors="0" timestamp="2022-07-21T12:52:20 IST" skipped="0">
  <testcase classname="log4J.LOG4JPRACTICE" name="log4j" time="8.391"/>
  <system-out/>
</testsuite> <!-- log4J.LOG4JPRACTICE -->
